<?xml version="1.0" encoding="UTF-8"?>
<!-- Generated by org.testng.reporters.JUnitReportReporter -->
<testsuite hostname="Vishesh-Raaj" failures="0" tests="4" name="com.anz.www.full.cucumber.options.ChromeTest" time="218.119" errors="0" timestamp="18 Jun 2021 10:14:05 GMT" skipped="0">
  <testcase classname="com.anz.www.full.cucumber.options.ChromeTest" name="Test3" time="48.770"/>
  <testcase classname="com.anz.www.full.cucumber.options.ChromeTest" name="Test2" time="39.192"/>
  <testcase classname="com.anz.www.full.cucumber.options.ChromeTest" name="Test1" time="47.158"/>
  <testcase classname="com.anz.www.full.cucumber.options.ChromeTest" name="Test4" time="82.999"/>
</testsuite> <!-- com.anz.www.full.cucumber.options.ChromeTest -->
